<?xml version="1.0" encoding="UTF-8"?>
<testng-results ignored="0" total="1" passed="1" failed="0" skipped="0">
  <reporter-output>
  </reporter-output>
  <suite started-at="2023-06-08T12:48:04 IST" name="Default suite" finished-at="2023-06-08T12:48:07 IST" duration-ms="2500">
    <groups>
    </groups>
    <test started-at="2023-06-08T12:48:04 IST" name="Default test" finished-at="2023-06-08T12:48:07 IST" duration-ms="2500">
      <class name="JiraApi.Issue">
        <test-method signature="jira()[pri:0, instance:JiraApi.Issue@1c7696c6]" started-at="2023-06-08T12:48:04 IST" name="jira" finished-at="2023-06-08T12:48:07 IST" duration-ms="2469" status="PASS">
          <reporter-output>
          </reporter-output>
        </test-method> <!-- jira -->
      </class> <!-- JiraApi.Issue -->
    </test> <!-- Default test -->
  </suite> <!-- Default suite -->
</testng-results>
